<?xml version="1.0" encoding="UTF-8"?>
<testsuite xmlns:xsi="http://www.w3.org/2001/XMLSchema-instance" xsi:noNamespaceSchemaLocation="https://maven.apache.org/surefire/maven-surefire-plugin/xsd/surefire-test-report-3.0.xsd" version="3.0" name="com.neoris.jba.apiuser.ApiUserApplicationTests" time="7.084" tests="2" errors="0" skipped="0" failures="0">
  <properties>
[...]
</properties>
  <testcase name="main_shouldStartApplicationWithoutExceptions" classname="com.neoris.jba.apiuser.ApiUserApplicationTests" time="0.933">
    <system-out><![CDATA[20:48:36.807 [main] INFO org.springframework.test.context.support.AnnotationConfigContextLoaderUtils -- Could not detect default configuration classes for test class [com.neoris.jba.apiuser.ApiUserApplicationTests]: ApiUserApplicationTests does not declare any static, non-private, non-final, nested classes annotated with @Configuration.
20:48:36.988 [main] INFO org.springframework.boot.test.context.SpringBootTestContextBootstrapper -- Found @SpringBootConfiguration com.neoris.jba.apiuser.ApiUserApplication for test class com.neoris.jba.apiuser.ApiUserApplicationTests

  .   ____          _            __ _ _
 /\\ / ___'_ __ _ _(_)_ __  __ _ \ \ \ \
( ( )\___ | '_ | '_| | '_ \/ _` | \ \ \ \
 \\/  ___)| |_)| | | | | || (_| |  ) ) ) )
  '  |____| .__|_| |_|_| |_\__, | / / / /
 =========|_|==============|___/=/_/_/_/
 :: Spring Boot ::                (v3.1.8)

2024-10-23T20:48:37.713-03:00  INFO 57888 --- [           main] c.n.jba.apiuser.ApiUserApplicationTests  : Starting ApiUserApplicationTests using Java 17.0.12 with PID 57888 (started by jhba in /home/jhba/Escritorio/jenkis/api-user)
2024-10-23T20:48:37.715-03:00  INFO 57888 --- [           main] c.n.jba.apiuser.ApiUserApplicationTests  : The following 1 profile is active: "dev"
2024-10-23T20:48:38.781-03:00  INFO 57888 --- [           main] .s.d.r.c.RepositoryConfigurationDelegate : Bootstrapping Spring Data JPA repositories in DEFAULT mode.
2024-10-23T20:48:38.848-03:00  INFO 57888 --- [           main] .s.d.r.c.RepositoryConfigurationDelegate : Finished Spring Data repository scanning in 56 ms. Found 1 JPA repository interface.
2024-10-23T20:48:39.406-03:00  INFO 57888 --- [           main] o.hibernate.jpa.internal.util.LogHelper  : HHH000204: Processing PersistenceUnitInfo [name: default]
2024-10-23T20:48:39.499-03:00  INFO 57888 --- [           main] org.hibernate.Version                    : HHH000412: Hibernate ORM core version 6.2.20.Final
2024-10-23T20:48:39.503-03:00  INFO 57888 --- [           main] org.hibernate.cfg.Environment            : HHH000406: Using bytecode reflection optimizer
2024-10-23T20:48:39.734-03:00  INFO 57888 --- [           main] o.s.o.j.p.SpringPersistenceUnitInfo      : No LoadTimeWeaver setup: ignoring JPA class transformer
2024-10-23T20:48:39.783-03:00  INFO 57888 --- [           main] com.zaxxer.hikari.HikariDataSource       : HikariPool-1 - Starting...
2024-10-23T20:48:40.270-03:00  INFO 57888 --- [           main] com.zaxxer.hikari.pool.HikariPool        : HikariPool-1 - Added connection conn0: url=jdbc:h2:mem:neorisdb user=SA
2024-10-23T20:48:40.274-03:00  INFO 57888 --- [           main] com.zaxxer.hikari.HikariDataSource       : HikariPool-1 - Start completed.
2024-10-23T20:48:40.317-03:00  WARN 57888 --- [           main] org.hibernate.orm.deprecation            : HHH90000025: H2Dialect does not need to be specified explicitly using 'hibernate.dialect' (remove the property setting and it will be selected by default)
2024-10-23T20:48:41.361-03:00  INFO 57888 --- [           main] o.h.e.t.j.p.i.JtaPlatformInitiator       : HHH000489: No JTA platform available (set 'hibernate.transaction.jta.platform' to enable JTA platform integration)
2024-10-23T20:48:41.439-03:00 DEBUG 57888 --- [           main] org.hibernate.SQL                        : create table phone (id varchar(255) not null, city_code varchar(255), country_code varchar(255), number varchar(255), user_id varchar(255), primary key (id))
2024-10-23T20:48:41.449-03:00 DEBUG 57888 --- [           main] org.hibernate.SQL                        : create table usuario (id varchar(255) not null, created timestamp(6), email varchar(255), is_active boolean, last_login timestamp(6), modified timestamp(6), name varchar(255), password varchar(255), token varchar(255), user_name varchar(255), primary key (id))
2024-10-23T20:48:41.451-03:00 DEBUG 57888 --- [           main] org.hibernate.SQL                        : alter table if exists phone add constraint FKpne7v5ag51wcyg7ibrusjw0kw foreign key (user_id) references usuario
2024-10-23T20:48:41.461-03:00  INFO 57888 --- [           main] j.LocalContainerEntityManagerFactoryBean : Initialized JPA EntityManagerFactory for persistence unit 'default'
2024-10-23T20:48:42.179-03:00  WARN 57888 --- [           main] JpaBaseConfiguration$JpaWebConfiguration : spring.jpa.open-in-view is enabled by default. Therefore, database queries may be performed during view rendering. Explicitly configure spring.jpa.open-in-view to disable this warning
2024-10-23T20:48:42.613-03:00  INFO 57888 --- [           main] o.s.b.a.h2.H2ConsoleAutoConfiguration    : H2 console available at '/h2-console'. Database available at 'jdbc:h2:mem:neorisdb'
2024-10-23T20:48:42.662-03:00  INFO 57888 --- [           main] c.n.jba.apiuser.ApiUserApplicationTests  : Started ApiUserApplicationTests in 5.433 seconds (process running for 8.54)

  .   ____          _            __ _ _
 /\\ / ___'_ __ _ _(_)_ __  __ _ \ \ \ \
( ( )\___ | '_ | '_| | '_ \/ _` | \ \ \ \
 \\/  ___)| |_)| | | | | || (_| |  ) ) ) )
  '  |____| .__|_| |_|_| |_\__, | / / / /
 =========|_|==============|___/=/_/_/_/
 :: Spring Boot ::                (v3.1.8)

2024-10-23T20:48:42.722-03:00  INFO 57888 --- [           main] c.neoris.jba.apiuser.ApiUserApplication  : Starting ApiUserApplication using Java 17.0.12 with PID 57888 (started by jhba in /home/jhba/Escritorio/jenkis/api-user)
2024-10-23T20:48:42.722-03:00  INFO 57888 --- [           main] c.neoris.jba.apiuser.ApiUserApplication  : The following 1 profile is active: "dev"
2024-10-23T20:48:42.882-03:00  INFO 57888 --- [           main] .s.d.r.c.RepositoryConfigurationDelegate : Bootstrapping Spring Data JPA repositories in DEFAULT mode.
2024-10-23T20:48:42.890-03:00  INFO 57888 --- [           main] .s.d.r.c.RepositoryConfigurationDelegate : Finished Spring Data repository scanning in 7 ms. Found 1 JPA repository interface.
2024-10-23T20:48:43.093-03:00  INFO 57888 --- [           main] o.s.b.w.embedded.tomcat.TomcatWebServer  : Tomcat initialized with port(s): 8090 (http)
2024-10-23T20:48:43.106-03:00  INFO 57888 --- [           main] o.apache.catalina.core.StandardService   : Starting service [Tomcat]
2024-10-23T20:48:43.106-03:00  INFO 57888 --- [           main] o.apache.catalina.core.StandardEngine    : Starting Servlet engine: [Apache Tomcat/10.1.18]
2024-10-23T20:48:43.216-03:00  INFO 57888 --- [           main] o.a.c.c.C.[Tomcat].[localhost].[/]       : Initializing Spring embedded WebApplicationContext
2024-10-23T20:48:43.217-03:00  INFO 57888 --- [           main] w.s.c.ServletWebServerApplicationContext : Root WebApplicationContext: initialization completed in 492 ms
2024-10-23T20:48:43.237-03:00  INFO 57888 --- [           main] com.zaxxer.hikari.HikariDataSource       : HikariPool-2 - Starting...
2024-10-23T20:48:43.239-03:00  INFO 57888 --- [           main] com.zaxxer.hikari.pool.HikariPool        : HikariPool-2 - Added connection conn10: url=jdbc:h2:mem:neorisdb user=SA
2024-10-23T20:48:43.239-03:00  INFO 57888 --- [           main] com.zaxxer.hikari.HikariDataSource       : HikariPool-2 - Start completed.
2024-10-23T20:48:43.239-03:00  INFO 57888 --- [           main] o.s.b.a.h2.H2ConsoleAutoConfiguration    : H2 console available at '/h2-console'. Database available at 'jdbc:h2:mem:neorisdb'
2024-10-23T20:48:43.316-03:00  INFO 57888 --- [           main] o.hibernate.jpa.internal.util.LogHelper  : HHH000204: Processing PersistenceUnitInfo [name: default]
2024-10-23T20:48:43.322-03:00  INFO 57888 --- [           main] o.s.o.j.p.SpringPersistenceUnitInfo      : No LoadTimeWeaver setup: ignoring JPA class transformer
2024-10-23T20:48:43.323-03:00  WARN 57888 --- [           main] org.hibernate.orm.deprecation            : HHH90000025: H2Dialect does not need to be specified explicitly using 'hibernate.dialect' (remove the property setting and it will be selected by default)
2024-10-23T20:48:43.388-03:00  INFO 57888 --- [           main] o.h.e.t.j.p.i.JtaPlatformInitiator       : HHH000489: No JTA platform available (set 'hibernate.transaction.jta.platform' to enable JTA platform integration)
2024-10-23T20:48:43.399-03:00  INFO 57888 --- [           main] j.LocalContainerEntityManagerFactoryBean : Initialized JPA EntityManagerFactory for persistence unit 'default'
2024-10-23T20:48:43.484-03:00  WARN 57888 --- [           main] JpaBaseConfiguration$JpaWebConfiguration : spring.jpa.open-in-view is enabled by default. Therefore, database queries may be performed during view rendering. Explicitly configure spring.jpa.open-in-view to disable this warning
2024-10-23T20:48:43.611-03:00  INFO 57888 --- [           main] o.s.b.w.embedded.tomcat.TomcatWebServer  : Tomcat started on port(s): 8090 (http) with context path ''
2024-10-23T20:48:43.615-03:00  INFO 57888 --- [           main] c.neoris.jba.apiuser.ApiUserApplication  : Started ApiUserApplication in 0.914 seconds (process running for 9.493)
]]></system-out>
  </testcase>
  <testcase name="contextLoads" classname="com.neoris.jba.apiuser.ApiUserApplicationTests" time="0.003"/>
</testsuite>