<?xml version="1.0" encoding="UTF-8"?>
<testsuite xmlns:xsi="http://www.w3.org/2001/XMLSchema-instance" xsi:noNamespaceSchemaLocation="https://maven.apache.org/surefire/maven-surefire-plugin/xsd/surefire-test-report-3.0.xsd" version="3.0" name="com.neoris.jba.apiuser.ApiUserApplicationTests" time="6.034" tests="1" errors="0" skipped="0" failures="0">
  <properties>
[...]
</properties>
  <testcase name="contextLoads" classname="com.neoris.jba.apiuser.ApiUserApplicationTests" time="0.016">
    <system-out><![CDATA[18:16:39.978 [main] INFO org.springframework.test.context.support.AnnotationConfigContextLoaderUtils -- Could not detect default configuration classes for test class [com.neoris.jba.apiuser.ApiUserApplicationTests]: ApiUserApplicationTests does not declare any static, non-private, non-final, nested classes annotated with @Configuration.
18:16:40.164 [main] INFO org.springframework.boot.test.context.SpringBootTestContextBootstrapper -- Found @SpringBootConfiguration com.neoris.jba.apiuser.ApiUserApplication for test class com.neoris.jba.apiuser.ApiUserApplicationTests

  .   ____          _            __ _ _
 /\\ / ___'_ __ _ _(_)_ __  __ _ \ \ \ \
( ( )\___ | '_ | '_| | '_ \/ _` | \ \ \ \
 \\/  ___)| |_)| | | | | || (_| |  ) ) ) )
  '  |____| .__|_| |_|_| |_\__, | / / / /
 =========|_|==============|___/=/_/_/_/
 :: Spring Boot ::                (v3.1.8)

2024-10-25T18:16:40.781-03:00  INFO 126754 --- [           main] c.n.jba.apiuser.ApiUserApplicationTests  : Starting ApiUserApplicationTests using Java 17.0.12 with PID 126754 (started by jhba in /home/jhba/Escritorio/jenkis/api-user)
2024-10-25T18:16:40.783-03:00  INFO 126754 --- [           main] c.n.jba.apiuser.ApiUserApplicationTests  : The following 1 profile is active: "dev"
2024-10-25T18:16:41.788-03:00  INFO 126754 --- [           main] .s.d.r.c.RepositoryConfigurationDelegate : Bootstrapping Spring Data JPA repositories in DEFAULT mode.
2024-10-25T18:16:41.858-03:00  INFO 126754 --- [           main] .s.d.r.c.RepositoryConfigurationDelegate : Finished Spring Data repository scanning in 60 ms. Found 1 JPA repository interface.
2024-10-25T18:16:42.384-03:00  INFO 126754 --- [           main] o.hibernate.jpa.internal.util.LogHelper  : HHH000204: Processing PersistenceUnitInfo [name: default]
2024-10-25T18:16:42.466-03:00  INFO 126754 --- [           main] org.hibernate.Version                    : HHH000412: Hibernate ORM core version 6.2.20.Final
2024-10-25T18:16:42.470-03:00  INFO 126754 --- [           main] org.hibernate.cfg.Environment            : HHH000406: Using bytecode reflection optimizer
2024-10-25T18:16:42.692-03:00  INFO 126754 --- [           main] o.s.o.j.p.SpringPersistenceUnitInfo      : No LoadTimeWeaver setup: ignoring JPA class transformer
2024-10-25T18:16:42.733-03:00  INFO 126754 --- [           main] com.zaxxer.hikari.HikariDataSource       : HikariPool-1 - Starting...
2024-10-25T18:16:43.191-03:00  INFO 126754 --- [           main] com.zaxxer.hikari.pool.HikariPool        : HikariPool-1 - Added connection conn0: url=jdbc:h2:mem:neorisdb user=SA
2024-10-25T18:16:43.193-03:00  INFO 126754 --- [           main] com.zaxxer.hikari.HikariDataSource       : HikariPool-1 - Start completed.
2024-10-25T18:16:43.229-03:00  WARN 126754 --- [           main] org.hibernate.orm.deprecation            : HHH90000025: H2Dialect does not need to be specified explicitly using 'hibernate.dialect' (remove the property setting and it will be selected by default)
2024-10-25T18:16:44.363-03:00  INFO 126754 --- [           main] o.h.e.t.j.p.i.JtaPlatformInitiator       : HHH000489: No JTA platform available (set 'hibernate.transaction.jta.platform' to enable JTA platform integration)
2024-10-25T18:16:44.432-03:00 DEBUG 126754 --- [           main] org.hibernate.SQL                        : create table phone (id varchar(255) not null, city_code varchar(255), country_code varchar(255), number varchar(255), user_id varchar(255), primary key (id))
2024-10-25T18:16:44.443-03:00 DEBUG 126754 --- [           main] org.hibernate.SQL                        : create table usuario (id varchar(255) not null, created timestamp(6), email varchar(255), is_active boolean, last_login timestamp(6), modified timestamp(6), name varchar(255), password varchar(255), token varchar(255), user_name varchar(255), primary key (id))
2024-10-25T18:16:44.446-03:00 DEBUG 126754 --- [           main] org.hibernate.SQL                        : alter table if exists phone add constraint FKpne7v5ag51wcyg7ibrusjw0kw foreign key (user_id) references usuario
2024-10-25T18:16:44.457-03:00  INFO 126754 --- [           main] j.LocalContainerEntityManagerFactoryBean : Initialized JPA EntityManagerFactory for persistence unit 'default'
2024-10-25T18:16:45.169-03:00  WARN 126754 --- [           main] JpaBaseConfiguration$JpaWebConfiguration : spring.jpa.open-in-view is enabled by default. Therefore, database queries may be performed during view rendering. Explicitly configure spring.jpa.open-in-view to disable this warning
2024-10-25T18:16:45.619-03:00  INFO 126754 --- [           main] o.s.b.a.h2.H2ConsoleAutoConfiguration    : H2 console available at '/h2-console'. Database available at 'jdbc:h2:mem:neorisdb'
2024-10-25T18:16:45.674-03:00  INFO 126754 --- [           main] c.n.jba.apiuser.ApiUserApplicationTests  : Started ApiUserApplicationTests in 5.276 seconds (process running for 8.576)
]]></system-out>
  </testcase>
</testsuite>